Build started 2015/5/27 14:14:35.
     1>Project "F:\1_project\SliceModel_vs12\SliceModel_vs12\SliceModel_vs12.vcxproj" on node 2 (Build target(s)).
     1>ClCompile:
         C:\Program Files (x86)\Microsoft Visual Studio 11.0\VC\bin\CL.exe /c /Zi /nologo /W3 /WX- /O2 /Oi /Oy- /GL /D WIN32 /D NDEBUG /D _CONSOLE /D _UNICODE /D UNICODE /Gm- /EHsc /MD /GS /Gy /fp:precise /Zc:wchar_t /Zc:forScope /Fo"Release\\" /Fd"Release\vc110.pdb" /Gd /TC /analyze- /errorReport:prompt ..\include\imath\imath.c ..\include\imath\imrat.c
         imath.c
         imrat.c
     1>..\include\imath\imrat.c(543): warning C4018: '<' : signed/unsigned mismatch
     1>..\include\imath\imrat.c(551): warning C4018: '>' : signed/unsigned mismatch
     1>..\include\imath\imrat.c(626): warning C4018: '<' : signed/unsigned mismatch
         C:\Program Files (x86)\Microsoft Visual Studio 11.0\VC\bin\CL.exe /c /Zi /nologo /W3 /WX- /O2 /Oi /Oy- /GL /D WIN32 /D NDEBUG /D _CONSOLE /D _UNICODE /D UNICODE /Gm- /EHsc /MD /GS /Gy /fp:precise /Zc:wchar_t /Zc:forScope /Fo"Release\\" /Fd"Release\vc110.pdb" /Gd /TP /analyze- /errorReport:prompt main.cpp
         main.cpp
         Note: including lib: glut32.lib
         
     1>f:\1_project\slicemodel_vs12\slicemodel_vs12\NewSolid.h(99): warning C4018: '<' : signed/unsigned mismatch
     1>f:\1_project\slicemodel_vs12\slicemodel_vs12\SliceModel.h(51): warning C4018: '<' : signed/unsigned mismatch
     1>f:\1_project\slicemodel_vs12\slicemodel_vs12\SliceModel.h(82): warning C4018: '<' : signed/unsigned mismatch
     1>f:\1_project\slicemodel_vs12\slicemodel_vs12\SliceModel.h(84): warning C4018: '<' : signed/unsigned mismatch
     1>f:\1_project\slicemodel_vs12\slicemodel_vs12\SliceModel.h(109): warning C4018: '<' : signed/unsigned mismatch
     1>f:\1_project\slicemodel_vs12\slicemodel_vs12\SliceModel.h(168): warning C4018: '<' : signed/unsigned mismatch
     1>f:\1_project\slicemodel_vs12\slicemodel_vs12\SliceModel.h(202): warning C4018: '<' : signed/unsigned mismatch
     1>f:\1_project\slicemodel_vs12\slicemodel_vs12\SliceModel.h(221): warning C4018: '<' : signed/unsigned mismatch
     1>f:\1_project\slicemodel_vs12\slicemodel_vs12\SliceModel.h(223): warning C4018: '<' : signed/unsigned mismatch
     1>f:\1_project\slicemodel_vs12\slicemodel_vs12\SliceModel.h(242): warning C4018: '<' : signed/unsigned mismatch
     1>f:\1_project\slicemodel_vs12\slicemodel_vs12\SliceModel.h(245): warning C4018: '<' : signed/unsigned mismatch
     1>f:\1_project\slicemodel_vs12\slicemodel_vs12\SliceModel.h(261): warning C4018: '<' : signed/unsigned mismatch
     1>f:\1_project\slicemodel_vs12\slicemodel_vs12\toolskit.h(17): warning C4018: '<' : signed/unsigned mismatch
     1>f:\1_project\slicemodel_vs12\slicemodel_vs12\manager.h(31): warning C4553: '==' : operator has no effect; did you intend '='?
     1>f:\1_project\slicemodel_vs12\slicemodel_vs12\manager.h(34): warning C4996: 'localtime': This function or variable may be unsafe. Consider using localtime_s instead. To disable deprecation, use _CRT_SECURE_NO_WARNINGS. See online help for details.
                 C:\Program Files (x86)\Microsoft Visual Studio 11.0\VC\include\time.inl(112) : see declaration of 'localtime'
     1>f:\1_project\slicemodel_vs12\slicemodel_vs12\manager.h(37): warning C4996: 'sprintf': This function or variable may be unsafe. Consider using sprintf_s instead. To disable deprecation, use _CRT_SECURE_NO_WARNINGS. See online help for details.
                 C:\Program Files (x86)\Microsoft Visual Studio 11.0\VC\include\stdio.h(357) : see declaration of 'sprintf'
     1>f:\1_project\slicemodel_vs12\slicemodel_vs12\manager.h(124): warning C4018: '<' : signed/unsigned mismatch
     1>f:\1_project\slicemodel_vs12\slicemodel_vs12\manager.h(151): warning C4018: '<' : signed/unsigned mismatch
     1>f:\1_project\slicemodel_vs12\slicemodel_vs12\replayer.h(26): warning C4553: '==' : operator has no effect; did you intend '='?
     1>f:\1_project\slicemodel_vs12\slicemodel_vs12\replayer.h(31): warning C4553: '==' : operator has no effect; did you intend '='?
     1>f:\1_project\slicemodel_vs12\slicemodel_vs12\replayer.h(46): warning C4018: '>=' : signed/unsigned mismatch
       Link:
         C:\Program Files (x86)\Microsoft Visual Studio 11.0\VC\bin\link.exe /ERRORREPORT:PROMPT /OUT:"F:\1_project\SliceModel_vs12\Release\SliceModel_vs12.exe" /INCREMENTAL:NO /NOLOGO glut32.lib glew32.lib kernel32.lib user32.lib gdi32.lib winspool.lib comdlg32.lib advapi32.lib shell32.lib ole32.lib oleaut32.lib uuid.lib odbc32.lib odbccp32.lib /MANIFEST /MANIFESTUAC:"level='asInvoker' uiAccess='false'" /manifest:embed /DEBUG /PDB:"F:\1_project\SliceModel_vs12\Release\SliceModel_vs12.pdb" /SUBSYSTEM:CONSOLE /OPT:REF /OPT:ICF /LTCG /TLBID:1 /DYNAMICBASE /NXCOMPAT /IMPLIB:"F:\1_project\SliceModel_vs12\Release\SliceModel_vs12.lib" /MACHINE:X86 /SAFESEH:NO Release\imath.obj
         Release\imrat.obj
         Release\main.obj
         Release\ObjOperation.obj
         Release\OffOperation.obj
         Release\SceneDisplay.obj
         Release\StlOperation.obj
         Generating code
         Finished generating code
         SliceModel_vs12.vcxproj -> F:\1_project\SliceModel_vs12\Release\SliceModel_vs12.exe
     1>Done Building Project "F:\1_project\SliceModel_vs12\SliceModel_vs12\SliceModel_vs12.vcxproj" (Build target(s)).

Build succeeded.

Time Elapsed 00:00:01.86
